mode: set
github.com/hpa/backend/internal/config/config.go:115.55,116.63 1 0
github.com/hpa/backend/internal/config/config.go:116.63,118.3 1 0
github.com/hpa/backend/internal/config/config.go:119.2,119.21 1 0
github.com/hpa/backend/internal/config/config.go:123.52,124.63 1 0
github.com/hpa/backend/internal/config/config.go:124.63,125.53 1 0
github.com/hpa/backend/internal/config/config.go:125.53,127.4 1 0
github.com/hpa/backend/internal/config/config.go:129.2,129.21 1 0
github.com/hpa/backend/internal/config/config.go:133.55,134.63 1 0
github.com/hpa/backend/internal/config/config.go:134.63,135.59 1 0
github.com/hpa/backend/internal/config/config.go:135.59,137.4 1 0
github.com/hpa/backend/internal/config/config.go:139.2,139.21 1 0
